0 info it worked if it ends with ok
1 verbose cli [ 'node', '/usr/local/bin/npm', 'install', '-g', 'rx' ]
2 info using npm@1.4.28
3 info using node@v0.10.35
4 verbose cache add [ 'rx', null ]
5 verbose cache add name=undefined spec="rx" args=["rx",null]
6 verbose parsed url { protocol: null,
6 verbose parsed url   slashes: null,
6 verbose parsed url   auth: null,
6 verbose parsed url   host: null,
6 verbose parsed url   port: null,
6 verbose parsed url   hostname: null,
6 verbose parsed url   hash: null,
6 verbose parsed url   search: null,
6 verbose parsed url   query: null,
6 verbose parsed url   pathname: 'rx',
6 verbose parsed url   path: 'rx',
6 verbose parsed url   href: 'rx' }
7 silly lockFile a84fdb0f-rx rx
8 verbose lock rx /Users/Quinn/.npm/a84fdb0f-rx.lock
9 silly lockFile a84fdb0f-rx rx
10 silly lockFile a84fdb0f-rx rx
11 verbose addNamed [ 'rx', '' ]
12 verbose addNamed [ null, '*' ]
13 silly lockFile e4538f0a-rx rx@
14 verbose lock rx@ /Users/Quinn/.npm/e4538f0a-rx.lock
15 silly addNameRange { name: 'rx', range: '*', hasData: false }
16 verbose request where is /rx
17 verbose request registry https://registry.npmjs.org/
18 verbose request id baf0f1dab6169e3c
19 verbose url raw /rx
20 verbose url resolving [ 'https://registry.npmjs.org/', './rx' ]
21 verbose url resolved https://registry.npmjs.org/rx
22 verbose request where is https://registry.npmjs.org/rx
23 info trying registry request attempt 1 at 12:15:06
24 verbose etag "D00TXY1FALN5NRQ1WP9Q9NPC5"
25 http GET https://registry.npmjs.org/rx
26 http 304 https://registry.npmjs.org/rx
27 silly registry.get cb [ 304,
27 silly registry.get   { date: 'Wed, 19 Aug 2015 16:15:07 GMT',
27 silly registry.get     via: '1.1 varnish',
27 silly registry.get     'cache-control': 'max-age=60',
27 silly registry.get     etag: '"D00TXY1FALN5NRQ1WP9Q9NPC5"',
27 silly registry.get     age: '17',
27 silly registry.get     connection: 'keep-alive',
27 silly registry.get     'x-served-by': 'cache-iad2141-IAD',
27 silly registry.get     'x-cache': 'HIT',
27 silly registry.get     'x-cache-hits': '1',
27 silly registry.get     'x-timer': 'S1440000907.861085,VS0,VE1',
27 silly registry.get     vary: 'Accept' } ]
28 verbose etag https://registry.npmjs.org/rx from cache
29 silly addNameRange number 2 { name: 'rx', range: '*', hasData: true }
30 silly addNameRange versions [ 'rx',
30 silly addNameRange   [ '0.0.1',
30 silly addNameRange     '0.0.2',
30 silly addNameRange     '2.0.0',
30 silly addNameRange     '2.0.1',
30 silly addNameRange     '2.0.2',
30 silly addNameRange     '2.1.0',
30 silly addNameRange     '2.1.1',
30 silly addNameRange     '2.1.2',
30 silly addNameRange     '2.1.3',
30 silly addNameRange     '2.1.4',
30 silly addNameRange     '2.1.5',
30 silly addNameRange     '2.1.6',
30 silly addNameRange     '2.1.7',
30 silly addNameRange     '2.1.8',
30 silly addNameRange     '2.1.9',
30 silly addNameRange     '2.1.10',
30 silly addNameRange     '2.1.11',
30 silly addNameRange     '2.1.12',
30 silly addNameRange     '2.1.13',
30 silly addNameRange     '2.1.14',
30 silly addNameRange     '2.1.15',
30 silly addNameRange     '2.1.16',
30 silly addNameRange     '2.1.17',
30 silly addNameRange     '2.1.18',
30 silly addNameRange     '2.1.20',
30 silly addNameRange     '2.1.21',
30 silly addNameRange     '2.2.0',
30 silly addNameRange     '2.2.2',
30 silly addNameRange     '2.2.3',
30 silly addNameRange     '2.2.4',
30 silly addNameRange     '2.2.5',
30 silly addNameRange     '2.2.7',
30 silly addNameRange     '2.2.8',
30 silly addNameRange     '2.2.9',
30 silly addNameRange     '2.2.10',
30 silly addNameRange     '2.2.12',
30 silly addNameRange     '2.2.13',
30 silly addNameRange     '2.2.14',
30 silly addNameRange     '2.2.15',
30 silly addNameRange     '2.2.16',
30 silly addNameRange     '2.2.17',
30 silly addNameRange     '2.2.18',
30 silly addNameRange     '2.2.19',
30 silly addNameRange     '2.2.20',
30 silly addNameRange     '2.2.21',
30 silly addNameRange     '2.2.22',
30 silly addNameRange     '2.2.24',
30 silly addNameRange     '2.2.25',
30 silly addNameRange     '2.2.26',
30 silly addNameRange     '2.2.27',
30 silly addNameRange     '2.2.28',
30 silly addNameRange     '2.3.0',
30 silly addNameRange     '2.3.1',
30 silly addNameRange     '2.3.2',
30 silly addNameRange     '2.3.3',
30 silly addNameRange     '2.3.4',
30 silly addNameRange     '2.3.5',
30 silly addNameRange     '2.3.6',
30 silly addNameRange     '2.3.7',
30 silly addNameRange     '2.3.8',
30 silly addNameRange     '2.3.9',
30 silly addNameRange     '2.3.10',
30 silly addNameRange     '2.3.11',
30 silly addNameRange     '2.3.12',
30 silly addNameRange     '2.3.13',
30 silly addNameRange     '2.3.14',
30 silly addNameRange     '2.3.16',
30 silly addNameRange     '2.3.17',
30 silly addNameRange     '2.3.18',
30 silly addNameRange     '2.3.19',
30 silly addNameRange     '2.3.20',
30 silly addNameRange     '2.3.22',
30 silly addNameRange     '2.3.23',
30 silly addNameRange     '2.3.24',
30 silly addNameRange     '2.3.25',
30 silly addNameRange     '2.4.0',
30 silly addNameRange     '2.4.1',
30 silly addNameRange     '2.4.3',
30 silly addNameRange     '2.4.5',
30 silly addNameRange     '2.4.6',
30 silly addNameRange     '2.4.7',
30 silly addNameRange     '2.4.8',
30 silly addNameRange     '2.4.9',
30 silly addNameRange     '2.4.10',
30 silly addNameRange     '2.5.0',
30 silly addNameRange     '2.5.1',
30 silly addNameRange     '2.5.2',
30 silly addNameRange     '2.5.3',
30 silly addNameRange     '3.0.0',
30 silly addNameRange     '3.0.1',
30 silly addNameRange     '3.1.0' ] ]
31 verbose addNamed [ 'rx', '3.1.0' ]
32 verbose addNamed [ '3.1.0', '3.1.0' ]
33 silly lockFile 4445bea8-rx-3-1-0 rx@3.1.0
34 verbose lock rx@3.1.0 /Users/Quinn/.npm/4445bea8-rx-3-1-0.lock
35 silly lockFile 4445bea8-rx-3-1-0 rx@3.1.0
36 silly lockFile 4445bea8-rx-3-1-0 rx@3.1.0
37 silly lockFile e4538f0a-rx rx@
38 silly lockFile e4538f0a-rx rx@
39 silly resolved [ { name: 'rx',
39 silly resolved     title: 'Reactive Extensions for JavaScript (RxJS)',
39 silly resolved     description: 'Library for composing asynchronous and event-based operations in JavaScript',
39 silly resolved     version: '3.1.0',
39 silly resolved     homepage: 'https://github.com/Reactive-Extensions/RxJS',
39 silly resolved     author:
39 silly resolved      { name: 'Cloud Programmability Team',
39 silly resolved        url: 'https://github.com/Reactive-Extensions/RxJS/blob/master/authors.txt' },
39 silly resolved     repository:
39 silly resolved      { type: 'git',
39 silly resolved        url: 'git+https://github.com/Reactive-Extensions/RxJS.git' },
39 silly resolved     license: 'Apache-2.0',
39 silly resolved     bugs: { url: 'https://github.com/Reactive-Extensions/RxJS/issues' },
39 silly resolved     jam: { main: 'dist/rx.all.js' },
39 silly resolved     browser: { 'index.js': 'dist/rx.all.js' },
39 silly resolved     dependencies: {},
39 silly resolved     devDependencies:
39 silly resolved      { benchmark: '*',
39 silly resolved        'grunt-cli': '*',
39 silly resolved        grunt: '*',
39 silly resolved        'grunt-contrib-copy': '*',
39 silly resolved        'grunt-contrib-jshint': '*',
39 silly resolved        'grunt-contrib-connect': '*',
39 silly resolved        'grunt-contrib-uglify': '*',
39 silly resolved        'grunt-contrib-concat': '*',
39 silly resolved        'grunt-contrib-qunit': '*',
39 silly resolved        'grunt-contrib-watch': '*',
39 silly resolved        'grunt-saucelabs': '*',
39 silly resolved        'grunt-jscs': '*',
39 silly resolved        'load-grunt-tasks': '*' },
39 silly resolved     keywords: [ 'LINQ', 'FRP', 'Reactive', 'Events', 'Rx', 'RxJS' ],
39 silly resolved     main: 'index.js',
39 silly resolved     scripts: { test: 'grunt' },
39 silly resolved     gitHead: '96429e9cf25dbdb9610d96d3363a10f1d857959c',
39 silly resolved     _id: 'rx@3.1.0',
39 silly resolved     _shasum: '0999cb9e0afa1717a57b132351ac6d9b49f6c0de',
39 silly resolved     _from: 'rx@',
39 silly resolved     _npmVersion: '2.11.3',
39 silly resolved     _nodeVersion: '0.12.7',
39 silly resolved     _npmUser:
39 silly resolved      { name: 'mattpodwysocki',
39 silly resolved        email: 'matthew.podwysocki@gmail.com' },
39 silly resolved     dist:
39 silly resolved      { shasum: '0999cb9e0afa1717a57b132351ac6d9b49f6c0de',
39 silly resolved        tarball: 'http://registry.npmjs.org/rx/-/rx-3.1.0.tgz' },
39 silly resolved     maintainers: [ [Object], [Object] ],
39 silly resolved     directories: {},
39 silly resolved     _resolved: 'https://registry.npmjs.org/rx/-/rx-3.1.0.tgz',
39 silly resolved     readme: 'ERROR: No README data found!' } ]
40 info install rx@3.1.0 into /usr/local/lib
41 info installOne rx@3.1.0
42 verbose lib/node_modules/rx unbuild
43 verbose tar unpack /Users/Quinn/.npm/rx/3.1.0/package.tgz
44 silly lockFile 0a4e8b8e-ar-usr-local-lib-node-modules-rx tar:///usr/local/lib/node_modules/rx
45 verbose lock tar:///usr/local/lib/node_modules/rx /Users/Quinn/.npm/0a4e8b8e-ar-usr-local-lib-node-modules-rx.lock
46 silly lockFile 21f6fa40-s-Quinn-npm-rx-3-1-0-package-tgz tar:///Users/Quinn/.npm/rx/3.1.0/package.tgz
47 verbose lock tar:///Users/Quinn/.npm/rx/3.1.0/package.tgz /Users/Quinn/.npm/21f6fa40-s-Quinn-npm-rx-3-1-0-package-tgz.lock
48 silly gunzTarPerm modes [ '755', '644' ]
49 error Error: EACCES, mkdir '/usr/local/lib/node_modules/rx'
49 error  { [Error: EACCES, mkdir '/usr/local/lib/node_modules/rx']
49 error   errno: 3,
49 error   code: 'EACCES',
49 error   path: '/usr/local/lib/node_modules/rx',
49 error   fstream_type: 'Directory',
49 error   fstream_path: '/usr/local/lib/node_modules/rx',
49 error   fstream_class: 'DirWriter',
49 error   fstream_stack:
49 error    [ '/usr/local/lib/node_modules/npm/node_modules/fstream/lib/dir-writer.js:36:23',
49 error      '/usr/local/lib/node_modules/npm/node_modules/mkdirp/index.js:46:53',
49 error      'Object.oncomplete (fs.js:108:15)' ] }
50 error Please try running this command again as root/Administrator.
51 error System Darwin 14.3.0
52 error command "node" "/usr/local/bin/npm" "install" "-g" "rx"
53 error cwd /Users/Quinn/Documents/Setmine/setmine-web
54 error node -v v0.10.35
55 error npm -v 1.4.28
56 error path /usr/local/lib/node_modules/rx
57 error fstream_path /usr/local/lib/node_modules/rx
58 error fstream_type Directory
59 error fstream_class DirWriter
60 error code EACCES
61 error errno 3
62 error stack Error: EACCES, mkdir '/usr/local/lib/node_modules/rx'
63 error fstream_stack /usr/local/lib/node_modules/npm/node_modules/fstream/lib/dir-writer.js:36:23
63 error fstream_stack /usr/local/lib/node_modules/npm/node_modules/mkdirp/index.js:46:53
63 error fstream_stack Object.oncomplete (fs.js:108:15)
64 verbose exit [ 3, true ]
